GSData_TAB 
$R_{S}$ = 1.000000e+02 Ohm
$R_{B1}$ = 8.000000e+04 Ohm 
$R_{B2}$ = 2.000000e+04 Ohm 
$R_{C1}$ = 9.400000e+02 Ohm 
$R_{E1}$ = 7.750000e+02 Ohm 
$R_{E2}$ = 2.335000e+03 Ohm 
$R_{L}$ = 8.000000e+00 Ohm 
$C_{I}$ = 6.900000e-04 F 
$C_{b}$ = 4.180000e-03 F 
$C_{O}$ = 2.250000e-03 F 
GSData_END 
 
GSBijector_TAB 
$V_{T}$ = 0.025000 V
$beta$ = 178.700000 
$V_{A}$ = 69.700000 V
$V_{BEON}$ = 0.700000 V 
GSBijector_END 
 
GSOP_TAB 
$R_{B}$ = 1.600000e+04 Ohm
$V_{eq}$ = 2.400000e+00 V
$I_{B1}$ = 1.094885e-05 A 
$I_{C1}$ = 1.956559e-03 A 
$I_{E1}$ = 1.967508e-03 A 
$V_{E1}$ = 1.524818e+00 V 
$V_{O1}$ = 1.016083e+01 V 
$V_{CE}$ = 8.636016e+00 V 
GSOP_END 
 
gm1 =    7.826235367993946e-02
rpi1 =  2283.345588235294
ro1 =  35623.76888640179
RSB =  99.37888198757764
AV1 = -1.177232317639812
AVI_DB =  1.417243518772083
AV1simple =  1.185818900163964
AVIsimple_DB =  1.480367361256699
RE1 = 0
AV1 = -68.25926336244245
AVI_DB =  36.68323194332570
AV1simple = -73.10967697803041
AVIsimple_DB =  37.27949730113004
RE1 =  775
ZI1 =  14306.58360183966
ZX =  1598607.325718413
ZX =  1598607.325718413
ZO1 =  939.4475937124253
RE1 = 0
ZI1 =  1998.186231040384
ZO1 =  915.8340010641349
GSAV_TAB 
$A_{V1}$ = 3.668323e+01 dB
GSAV_END 
 
GSZ_TAB 
$Z_{I1}$ = 1.998186e+03 Ohm
$Z_{O1}$ = 9.158340e+02 Ohm
GSZ_END 
 
BFP =  227.3000000000000
VAFP =  37.20000000000000
VEBON =    7.000000000000000e-01
OSBijector_TAB 
$beta$ = 227.300000 
$V_{AFP}$ = 37.200000 V
$V_{BEON}$ = 0.700000 V 
OSBijector_END 
 
VI2 =  10.16083468852142
IE2 =    4.878652297552798e-04
IC2 =    4.857282817493434e-04
VO2 =  10.86083468852142
OSOP_TAB 
$V_{I2}$ = 1.016083e+01 V
$I_{E2}$ = 4.878652e-04 A 
$I_{C2}$ = 4.857283e-04 A 
$V_{O2}$ = 1.086083e+01 V 
OSOP_END 
 
gm2 =    1.942913126997373e-02
go2 =    1.305721187498235e-05
gpi2 =    8.547792023745592e-05
ge2 =    4.282655246252676e-04
AV2 =    9.736018012753104e-01
ZI2 =  443171.4344985468
ZO2 =  50.11041346866286
OSAV_TAB 
$A_{V2}$ = 9.736018e-01 dB
OSAV_END 
 
OSZ_TAB 
$Z_{I2}$ = 4.431714e+05 Ohm
$Z_{O2}$ = 5.011041e+01 Ohm
OSZ_END 
 
gB =    7.927220758207497e-05
AV = -66.63435951878506
AV_DB =  36.47396455382624
ZI =  1998.186231040384
ZO =  53.93985397291072
Final_TAB 
$A_{V}$ = 3.647396e+01 dB
$Z_{I}$ = 1.998186e+03 Ohm
$Z_{O}$ = 5.393985e+01 Ohm
Final_END 
 
band =  99995.84335267339
LC_TAB 
$Lower CO freq$ = 4.156647e+00 Hz
LC_END 
 
wfreq =  62.83185307179586
GaindB =  18.27800064968610
wfreq =  87.30457674637532
GaindB =

   18.27800064968610   18.47581044959325

wfreq =  121.3093160272423
GaindB =

   18.27800064968610   18.47581044959325   18.58104936046743

wfreq =  168.5587480453403
GaindB =

   18.27800064968610   18.47581044959325   18.58104936046743   18.63634018765588

wfreq =  234.2116209461772
GaindB =

 Columns 1 through 4:

   18.27800064968610   18.47581044959325   18.58104936046743   18.63634018765588

 Column 5:

   18.66519314784119

wfreq =  325.4359920345424
GaindB =

 Columns 1 through 4:

   18.27800064968610   18.47581044959325   18.58104936046743   18.63634018765588

 Columns 5 and 6:

   18.66519314784119   18.68019595628864

wfreq =  452.1918446388491
GaindB =

 Columns 1 through 4:

   18.27800064968610   18.47581044959325   18.58104936046743   18.63634018765588

 Columns 5 through 7:

   18.66519314784119   18.68019595628864   18.68798242080555

wfreq =  628.3185307179587
GaindB =

 Columns 1 through 4:

   18.27800064968610   18.47581044959325   18.58104936046743   18.63634018765588

 Columns 5 through 8:

   18.66519314784119   18.68019595628864   18.68798242080555   18.69201965340646

wfreq =  873.0457674637532
GaindB =

 Columns 1 through 4:

   18.27800064968610   18.47581044959325   18.58104936046743   18.63634018765588

 Columns 5 through 8:

   18.66519314784119   18.68019595628864   18.68798242080555   18.69201965340646

 Column 9:

   18.69411187084933

wfreq =  1213.093160272423
GaindB =

 Columns 1 through 4:

   18.27800064968610   18.47581044959325   18.58104936046743   18.63634018765588

 Columns 5 through 8:

   18.66519314784119   18.68019595628864   18.68798242080555   18.69201965340646

 Columns 9 and 10:

   18.69411187084933   18.69519583650927

wfreq =  1685.587480453402
GaindB =

 Columns 1 through 4:

   18.27800064968610   18.47581044959325   18.58104936046743   18.63634018765588

 Columns 5 through 8:

   18.66519314784119   18.68019595628864   18.68798242080555   18.69201965340646

 Columns 9 through 11:

   18.69411187084933   18.69519583650927   18.69575735615932

wfreq =  2342.116209461771
GaindB =

 Columns 1 through 4:

   18.27800064968610   18.47581044959325   18.58104936046743   18.63634018765588

 Columns 5 through 8:

   18.66519314784119   18.68019595628864   18.68798242080555   18.69201965340646

 Columns 9 through 12:

   18.69411187084933   18.69519583650927   18.69575735615932   18.69604821594619

wfreq =  3254.359920345426
GaindB =

 Columns 1 through 4:

   18.27800064968610   18.47581044959325   18.58104936046743   18.63634018765588

 Columns 5 through 8:

   18.66519314784119   18.68019595628864   18.68798242080555   18.69201965340646

 Columns 9 through 12:

   18.69411187084933   18.69519583650927   18.69575735615932   18.69604821594619

 Column 13:

   18.69619887196745

wfreq =  4521.918446388487
GaindB =

 Columns 1 through 4:

   18.27800064968610   18.47581044959325   18.58104936046743   18.63634018765588

 Columns 5 through 8:

   18.66519314784119   18.68019595628864   18.68798242080555   18.69201965340646

 Columns 9 through 12:

   18.69411187084933   18.69519583650927   18.69575735615932   18.69604821594619

 Columns 13 and 14:

   18.69619887196745   18.69627690546341

wfreq =  6283.185307179586
GaindB =

 Columns 1 through 4:

   18.27800064968610   18.47581044959325   18.58104936046743   18.63634018765588

 Columns 5 through 8:

   18.66519314784119   18.68019595628864   18.68798242080555   18.69201965340646

 Columns 9 through 12:

   18.69411187084933   18.69519583650927   18.69575735615932   18.69604821594619

 Columns 13 through 15:

   18.69619887196745   18.69627690546341   18.69631732314201

wfreq =  8730.457674637533
GaindB =

 Columns 1 through 4:

   18.27800064968610   18.47581044959325   18.58104936046743   18.63634018765588

 Columns 5 through 8:

   18.66519314784119   18.68019595628864   18.68798242080555   18.69201965340646

 Columns 9 through 12:

   18.69411187084933   18.69519583650927   18.69575735615932   18.69604821594619

 Columns 13 through 16:

   18.69619887196745   18.69627690546341   18.69631732314201   18.69633825749091

wfreq =  12130.93160272423
GaindB =

 Columns 1 through 4:

   18.27800064968610   18.47581044959325   18.58104936046743   18.63634018765588

 Columns 5 through 8:

   18.66519314784119   18.68019595628864   18.68798242080555   18.69201965340646

 Columns 9 through 12:

   18.69411187084933   18.69519583650927   18.69575735615932   18.69604821594619

 Columns 13 through 16:

   18.69619887196745   18.69627690546341   18.69631732314201   18.69633825749091

 Column 17:

   18.69634910041454

wfreq =  16855.87480453402
GaindB =

 Columns 1 through 4:

   18.27800064968610   18.47581044959325   18.58104936046743   18.63634018765588

 Columns 5 through 8:

   18.66519314784119   18.68019595628864   18.68798242080555   18.69201965340646

 Columns 9 through 12:

   18.69411187084933   18.69519583650927   18.69575735615932   18.69604821594619

 Columns 13 through 16:

   18.69619887196745   18.69627690546341   18.69631732314201   18.69633825749091

 Columns 17 and 18:

   18.69634910041454   18.69635471648763

wfreq =  23421.16209461771
GaindB =

 Columns 1 through 4:

   18.27800064968610   18.47581044959325   18.58104936046743   18.63634018765588

 Columns 5 through 8:

   18.66519314784119   18.68019595628864   18.68798242080555   18.69201965340646

 Columns 9 through 12:

   18.69411187084933   18.69519583650927   18.69575735615932   18.69604821594619

 Columns 13 through 16:

   18.69619887196745   18.69627690546341   18.69631732314201   18.69633825749091

 Columns 17 through 19:

   18.69634910041454   18.69635471648763   18.69635762532069

wfreq =  32543.59920345422
GaindB =

 Columns 1 through 4:

   18.27800064968610   18.47581044959325   18.58104936046743   18.63634018765588

 Columns 5 through 8:

   18.66519314784119   18.68019595628864   18.68798242080555   18.69201965340646

 Columns 9 through 12:

   18.69411187084933   18.69519583650927   18.69575735615932   18.69604821594619

 Columns 13 through 16:

   18.69619887196745   18.69627690546341   18.69631732314201   18.69633825749091

 Columns 17 through 20:

   18.69634910041454   18.69635471648763   18.69635762532069   18.69635913194407

wfreq =  45219.18446388486
GaindB =

 Columns 1 through 4:

   18.27800064968610   18.47581044959325   18.58104936046743   18.63634018765588

 Columns 5 through 8:

   18.66519314784119   18.68019595628864   18.68798242080555   18.69201965340646

 Columns 9 through 12:

   18.69411187084933   18.69519583650927   18.69575735615932   18.69604821594619

 Columns 13 through 16:

   18.69619887196745   18.69627690546341   18.69631732314201   18.69633825749091

 Columns 17 through 20:

   18.69634910041454   18.69635471648763   18.69635762532069   18.69635913194407

 Column 21:

   18.69635991229588

wfreq =  62831.85307179586
GaindB =

 Columns 1 through 4:

   18.27800064968610   18.47581044959325   18.58104936046743   18.63634018765588

 Columns 5 through 8:

   18.66519314784119   18.68019595628864   18.68798242080555   18.69201965340646

 Columns 9 through 12:

   18.69411187084933   18.69519583650927   18.69575735615932   18.69604821594619

 Columns 13 through 16:

   18.69619887196745   18.69627690546341   18.69631732314201   18.69633825749091

 Columns 17 through 20:

   18.69634910041454   18.69635471648763   18.69635762532069   18.69635913194407

 Columns 21 and 22:

   18.69635991229588   18.69636031647724

wfreq =  87304.57674637524
GaindB =

 Columns 1 through 4:

   18.27800064968610   18.47581044959325   18.58104936046743   18.63634018765588

 Columns 5 through 8:

   18.66519314784119   18.68019595628864   18.68798242080555   18.69201965340646

 Columns 9 through 12:

   18.69411187084933   18.69519583650927   18.69575735615932   18.69604821594619

 Columns 13 through 16:

   18.69619887196745   18.69627690546341   18.69631732314201   18.69633825749091

 Columns 17 through 20:

   18.69634910041454   18.69635471648763   18.69635762532069   18.69635913194407

 Columns 21 through 23:

   18.69635991229588   18.69636031647724   18.69636052582194

wfreq =  121309.3160272423
GaindB =

 Columns 1 through 4:

   18.27800064968610   18.47581044959325   18.58104936046743   18.63634018765588

 Columns 5 through 8:

   18.66519314784119   18.68019595628864   18.68798242080555   18.69201965340646

 Columns 9 through 12:

   18.69411187084933   18.69519583650927   18.69575735615932   18.69604821594619

 Columns 13 through 16:

   18.69619887196745   18.69627690546341   18.69631732314201   18.69633825749091

 Columns 17 through 20:

   18.69634910041454   18.69635471648763   18.69635762532069   18.69635913194407

 Columns 21 through 24:

   18.69635991229588   18.69636031647724   18.69636052582194   18.69636063425147

wfreq =  168558.7480453404
GaindB =

 Columns 1 through 4:

   18.27800064968610   18.47581044959325   18.58104936046743   18.63634018765588

 Columns 5 through 8:

   18.66519314784119   18.68019595628864   18.68798242080555   18.69201965340646

 Columns 9 through 12:

   18.69411187084933   18.69519583650927   18.69575735615932   18.69604821594619

 Columns 13 through 16:

   18.69619887196745   18.69627690546341   18.69631732314201   18.69633825749091

 Columns 17 through 20:

   18.69634910041454   18.69635471648763   18.69635762532069   18.69635913194407

 Columns 21 through 24:

   18.69635991229588   18.69636031647724   18.69636052582194   18.69636063425147

 Column 25:

   18.69636069041233

wfreq =  234211.6209461771
GaindB =

 Columns 1 through 4:

   18.27800064968610   18.47581044959325   18.58104936046743   18.63634018765588

 Columns 5 through 8:

   18.66519314784119   18.68019595628864   18.68798242080555   18.69201965340646

 Columns 9 through 12:

   18.69411187084933   18.69519583650927   18.69575735615932   18.69604821594619

 Columns 13 through 16:

   18.69619887196745   18.69627690546341   18.69631732314201   18.69633825749091

 Columns 17 through 20:

   18.69634910041454   18.69635471648763   18.69635762532069   18.69635913194407

 Columns 21 through 24:

   18.69635991229588   18.69636031647724   18.69636052582194   18.69636063425147

 Columns 25 and 26:

   18.69636069041233   18.69636071950066

wfreq =  325435.9920345419
GaindB =

 Columns 1 through 4:

   18.27800064968610   18.47581044959325   18.58104936046743   18.63634018765588

 Columns 5 through 8:

   18.66519314784119   18.68019595628864   18.68798242080555   18.69201965340646

 Columns 9 through 12:

   18.69411187084933   18.69519583650927   18.69575735615932   18.69604821594619

 Columns 13 through 16:

   18.69619887196745   18.69627690546341   18.69631732314201   18.69633825749091

 Columns 17 through 20:

   18.69634910041454   18.69635471648763   18.69635762532069   18.69635913194407

 Columns 21 through 24:

   18.69635991229588   18.69636031647724   18.69636052582194   18.69636063425147

 Columns 25 through 27:

   18.69636069041233   18.69636071950066   18.69636073456685

wfreq =  452191.8446388487
GaindB =

 Columns 1 through 4:

   18.27800064968610   18.47581044959325   18.58104936046743   18.63634018765588

 Columns 5 through 8:

   18.66519314784119   18.68019595628864   18.68798242080555   18.69201965340646

 Columns 9 through 12:

   18.69411187084933   18.69519583650927   18.69575735615932   18.69604821594619

 Columns 13 through 16:

   18.69619887196745   18.69627690546341   18.69631732314201   18.69633825749091

 Columns 17 through 20:

   18.69634910041454   18.69635471648763   18.69635762532069   18.69635913194407

 Columns 21 through 24:

   18.69635991229588   18.69636031647724   18.69636052582194   18.69636063425147

 Columns 25 through 28:

   18.69636069041233   18.69636071950066   18.69636073456685   18.69636074237048

wfreq =  628318.5307179586
GaindB =

 Columns 1 through 4:

   18.27800064968610   18.47581044959325   18.58104936046743   18.63634018765588

 Columns 5 through 8:

   18.66519314784119   18.68019595628864   18.68798242080555   18.69201965340646

 Columns 9 through 12:

   18.69411187084933   18.69519583650927   18.69575735615932   18.69604821594619

 Columns 13 through 16:

   18.69619887196745   18.69627690546341   18.69631732314201   18.69633825749091

 Columns 17 through 20:

   18.69634910041454   18.69635471648763   18.69635762532069   18.69635913194407

 Columns 21 through 24:

   18.69635991229588   18.69636031647724   18.69636052582194   18.69636063425147

 Columns 25 through 28:

   18.69636069041233   18.69636071950066   18.69636073456685   18.69636074237048

 Column 29:

   18.69636074641221

wfreq =  873045.7674637524
GaindB =

 Columns 1 through 4:

   18.27800064968610   18.47581044959325   18.58104936046743   18.63634018765588

 Columns 5 through 8:

   18.66519314784119   18.68019595628864   18.68798242080555   18.69201965340646

 Columns 9 through 12:

   18.69411187084933   18.69519583650927   18.69575735615932   18.69604821594619

 Columns 13 through 16:

   18.69619887196745   18.69627690546341   18.69631732314201   18.69633825749091

 Columns 17 through 20:

   18.69634910041454   18.69635471648763   18.69635762532069   18.69635913194407

 Columns 21 through 24:

   18.69635991229588   18.69636031647724   18.69636052582194   18.69636063425147

 Columns 25 through 28:

   18.69636069041233   18.69636071950066   18.69636073456685   18.69636074237048

 Columns 29 and 30:

   18.69636074641221   18.69636074850567

wfreq =  1213093.160272423
GaindB =

 Columns 1 through 4:

   18.27800064968610   18.47581044959325   18.58104936046743   18.63634018765588

 Columns 5 through 8:

   18.66519314784119   18.68019595628864   18.68798242080555   18.69201965340646

 Columns 9 through 12:

   18.69411187084933   18.69519583650927   18.69575735615932   18.69604821594619

 Columns 13 through 16:

   18.69619887196745   18.69627690546341   18.69631732314201   18.69633825749091

 Columns 17 through 20:

   18.69634910041454   18.69635471648763   18.69635762532069   18.69635913194407

 Columns 21 through 24:

   18.69635991229588   18.69636031647724   18.69636052582194   18.69636063425147

 Columns 25 through 28:

   18.69636069041233   18.69636071950066   18.69636073456685   18.69636074237048

 Columns 29 through 31:

   18.69636074641221   18.69636074850567   18.69636074958998

wfreq =  1685587.480453400
GaindB =

 Columns 1 through 4:

   18.27800064968610   18.47581044959325   18.58104936046743   18.63634018765588

 Columns 5 through 8:

   18.66519314784119   18.68019595628864   18.68798242080555   18.69201965340646

 Columns 9 through 12:

   18.69411187084933   18.69519583650927   18.69575735615932   18.69604821594619

 Columns 13 through 16:

   18.69619887196745   18.69627690546341   18.69631732314201   18.69633825749091

 Columns 17 through 20:

   18.69634910041454   18.69635471648763   18.69635762532069   18.69635913194407

 Columns 21 through 24:

   18.69635991229588   18.69636031647724   18.69636052582194   18.69636063425147

 Columns 25 through 28:

   18.69636069041233   18.69636071950066   18.69636073456685   18.69636074237048

 Columns 29 through 32:

   18.69636074641221   18.69636074850567   18.69636074958998   18.69636075015159

wfreq =  2342116.209461771
GaindB =

 Columns 1 through 4:

   18.27800064968610   18.47581044959325   18.58104936046743   18.63634018765588

 Columns 5 through 8:

   18.66519314784119   18.68019595628864   18.68798242080555   18.69201965340646

 Columns 9 through 12:

   18.69411187084933   18.69519583650927   18.69575735615932   18.69604821594619

 Columns 13 through 16:

   18.69619887196745   18.69627690546341   18.69631732314201   18.69633825749091

 Columns 17 through 20:

   18.69634910041454   18.69635471648763   18.69635762532069   18.69635913194407

 Columns 21 through 24:

   18.69635991229588   18.69636031647724   18.69636052582194   18.69636063425147

 Columns 25 through 28:

   18.69636069041233   18.69636071950066   18.69636073456685   18.69636074237048

 Columns 29 through 32:

   18.69636074641221   18.69636074850567   18.69636074958998   18.69636075015159

 Column 33:

   18.69636075044244

wfreq =  3254359.920345426
GaindB =

 Columns 1 through 4:

   18.27800064968610   18.47581044959325   18.58104936046743   18.63634018765588

 Columns 5 through 8:

   18.66519314784119   18.68019595628864   18.68798242080555   18.69201965340646

 Columns 9 through 12:

   18.69411187084933   18.69519583650927   18.69575735615932   18.69604821594619

 Columns 13 through 16:

   18.69619887196745   18.69627690546341   18.69631732314201   18.69633825749091

 Columns 17 through 20:

   18.69634910041454   18.69635471648763   18.69635762532069   18.69635913194407

 Columns 21 through 24:

   18.69635991229588   18.69636031647724   18.69636052582194   18.69636063425147

 Columns 25 through 28:

   18.69636069041233   18.69636071950066   18.69636073456685   18.69636074237048

 Columns 29 through 32:

   18.69636074641221   18.69636074850567   18.69636074958998   18.69636075015159

 Columns 33 and 34:

   18.69636075044244   18.69636075059312

wfreq =  4521918.446388487
GaindB =

 Columns 1 through 4:

   18.27800064968610   18.47581044959325   18.58104936046743   18.63634018765588

 Columns 5 through 8:

   18.66519314784119   18.68019595628864   18.68798242080555   18.69201965340646

 Columns 9 through 12:

   18.69411187084933   18.69519583650927   18.69575735615932   18.69604821594619

 Columns 13 through 16:

   18.69619887196745   18.69627690546341   18.69631732314201   18.69633825749091

 Columns 17 through 20:

   18.69634910041454   18.69635471648763   18.69635762532069   18.69635913194407

 Columns 21 through 24:

   18.69635991229588   18.69636031647724   18.69636052582194   18.69636063425147

 Columns 25 through 28:

   18.69636069041233   18.69636071950066   18.69636073456685   18.69636074237048

 Columns 29 through 32:

   18.69636074641221   18.69636074850567   18.69636074958998   18.69636075015159

 Columns 33 through 35:

   18.69636075044244   18.69636075059312   18.69636075067111

wfreq =  6283185.307179586
GaindB =

 Columns 1 through 4:

   18.27800064968610   18.47581044959325   18.58104936046743   18.63634018765588

 Columns 5 through 8:

   18.66519314784119   18.68019595628864   18.68798242080555   18.69201965340646

 Columns 9 through 12:

   18.69411187084933   18.69519583650927   18.69575735615932   18.69604821594619

 Columns 13 through 16:

   18.69619887196745   18.69627690546341   18.69631732314201   18.69633825749091

 Columns 17 through 20:

   18.69634910041454   18.69635471648763   18.69635762532069   18.69635913194407

 Columns 21 through 24:

   18.69635991229588   18.69636031647724   18.69636052582194   18.69636063425147

 Columns 25 through 28:

   18.69636069041233   18.69636071950066   18.69636073456685   18.69636074237048

 Columns 29 through 32:

   18.69636074641221   18.69636074850567   18.69636074958998   18.69636075015159

 Columns 33 through 36:

   18.69636075044244   18.69636075059312   18.69636075067111   18.69636075071160

wfreq =  8730457.674637523
GaindB =

 Columns 1 through 4:

   18.27800064968610   18.47581044959325   18.58104936046743   18.63634018765588

 Columns 5 through 8:

   18.66519314784119   18.68019595628864   18.68798242080555   18.69201965340646

 Columns 9 through 12:

   18.69411187084933   18.69519583650927   18.69575735615932   18.69604821594619

 Columns 13 through 16:

   18.69619887196745   18.69627690546341   18.69631732314201   18.69633825749091

 Columns 17 through 20:

   18.69634910041454   18.69635471648763   18.69635762532069   18.69635913194407

 Columns 21 through 24:

   18.69635991229588   18.69636031647724   18.69636052582194   18.69636063425147

 Columns 25 through 28:

   18.69636069041233   18.69636071950066   18.69636073456685   18.69636074237048

 Columns 29 through 32:

   18.69636074641221   18.69636074850567   18.69636074958998   18.69636075015159

 Columns 33 through 36:

   18.69636075044244   18.69636075059312   18.69636075067111   18.69636075071160

 Column 37:

   18.69636075073257

wfreq =  12130931.60272423
GaindB =

 Columns 1 through 4:

   18.27800064968610   18.47581044959325   18.58104936046743   18.63634018765588

 Columns 5 through 8:

   18.66519314784119   18.68019595628864   18.68798242080555   18.69201965340646

 Columns 9 through 12:

   18.69411187084933   18.69519583650927   18.69575735615932   18.69604821594619

 Columns 13 through 16:

   18.69619887196745   18.69627690546341   18.69631732314201   18.69633825749091

 Columns 17 through 20:

   18.69634910041454   18.69635471648763   18.69635762532069   18.69635913194407

 Columns 21 through 24:

   18.69635991229588   18.69636031647724   18.69636052582194   18.69636063425147

 Columns 25 through 28:

   18.69636069041233   18.69636071950066   18.69636073456685   18.69636074237048

 Columns 29 through 32:

   18.69636074641221   18.69636074850567   18.69636074958998   18.69636075015159

 Columns 33 through 36:

   18.69636075044244   18.69636075059312   18.69636075067111   18.69636075071160

 Columns 37 and 38:

   18.69636075073257   18.69636075074332

wfreq =  16855874.80453400
GaindB =

 Columns 1 through 4:

   18.27800064968610   18.47581044959325   18.58104936046743   18.63634018765588

 Columns 5 through 8:

   18.66519314784119   18.68019595628864   18.68798242080555   18.69201965340646

 Columns 9 through 12:

   18.69411187084933   18.69519583650927   18.69575735615932   18.69604821594619

 Columns 13 through 16:

   18.69619887196745   18.69627690546341   18.69631732314201   18.69633825749091

 Columns 17 through 20:

   18.69634910041454   18.69635471648763   18.69635762532069   18.69635913194407

 Columns 21 through 24:

   18.69635991229588   18.69636031647724   18.69636052582194   18.69636063425147

 Columns 25 through 28:

   18.69636069041233   18.69636071950066   18.69636073456685   18.69636074237048

 Columns 29 through 32:

   18.69636074641221   18.69636074850567   18.69636074958998   18.69636075015159

 Columns 33 through 36:

   18.69636075044244   18.69636075059312   18.69636075067111   18.69636075071160

 Columns 37 through 39:

   18.69636075073257   18.69636075074332   18.69636075074900

wfreq =  23421162.09461771
GaindB =

 Columns 1 through 4:

   18.27800064968610   18.47581044959325   18.58104936046743   18.63634018765588

 Columns 5 through 8:

   18.66519314784119   18.68019595628864   18.68798242080555   18.69201965340646

 Columns 9 through 12:

   18.69411187084933   18.69519583650927   18.69575735615932   18.69604821594619

 Columns 13 through 16:

   18.69619887196745   18.69627690546341   18.69631732314201   18.69633825749091

 Columns 17 through 20:

   18.69634910041454   18.69635471648763   18.69635762532069   18.69635913194407

 Columns 21 through 24:

   18.69635991229588   18.69636031647724   18.69636052582194   18.69636063425147

 Columns 25 through 28:

   18.69636069041233   18.69636071950066   18.69636073456685   18.69636074237048

 Columns 29 through 32:

   18.69636074641221   18.69636074850567   18.69636074958998   18.69636075015159

 Columns 33 through 36:

   18.69636075044244   18.69636075059312   18.69636075067111   18.69636075071160

 Columns 37 through 40:

   18.69636075073257   18.69636075074332   18.69636075074900   18.69636075075188

wfreq =  32543599.20345419
GaindB =

 Columns 1 through 4:

   18.27800064968610   18.47581044959325   18.58104936046743   18.63634018765588

 Columns 5 through 8:

   18.66519314784119   18.68019595628864   18.68798242080555   18.69201965340646

 Columns 9 through 12:

   18.69411187084933   18.69519583650927   18.69575735615932   18.69604821594619

 Columns 13 through 16:

   18.69619887196745   18.69627690546341   18.69631732314201   18.69633825749091

 Columns 17 through 20:

   18.69634910041454   18.69635471648763   18.69635762532069   18.69635913194407

 Columns 21 through 24:

   18.69635991229588   18.69636031647724   18.69636052582194   18.69636063425147

 Columns 25 through 28:

   18.69636069041233   18.69636071950066   18.69636073456685   18.69636074237048

 Columns 29 through 32:

   18.69636074641221   18.69636074850567   18.69636074958998   18.69636075015159

 Columns 33 through 36:

   18.69636075044244   18.69636075059312   18.69636075067111   18.69636075071160

 Columns 37 through 40:

   18.69636075073257   18.69636075074332   18.69636075074900   18.69636075075188

 Column 41:

   18.69636075075337

wfreq =  45219184.46388486
GaindB =

 Columns 1 through 4:

   18.27800064968610   18.47581044959325   18.58104936046743   18.63634018765588

 Columns 5 through 8:

   18.66519314784119   18.68019595628864   18.68798242080555   18.69201965340646

 Columns 9 through 12:

   18.69411187084933   18.69519583650927   18.69575735615932   18.69604821594619

 Columns 13 through 16:

   18.69619887196745   18.69627690546341   18.69631732314201   18.69633825749091

 Columns 17 through 20:

   18.69634910041454   18.69635471648763   18.69635762532069   18.69635913194407

 Columns 21 through 24:

   18.69635991229588   18.69636031647724   18.69636052582194   18.69636063425147

 Columns 25 through 28:

   18.69636069041233   18.69636071950066   18.69636073456685   18.69636074237048

 Columns 29 through 32:

   18.69636074641221   18.69636074850567   18.69636074958998   18.69636075015159

 Columns 33 through 36:

   18.69636075044244   18.69636075059312   18.69636075067111   18.69636075071160

 Columns 37 through 40:

   18.69636075073257   18.69636075074332   18.69636075074900   18.69636075075188

 Columns 41 and 42:

   18.69636075075337   18.69636075075419

wfreq =  62831853.07179587
GaindB =

 Columns 1 through 4:

   18.27800064968610   18.47581044959325   18.58104936046743   18.63634018765588

 Columns 5 through 8:

   18.66519314784119   18.68019595628864   18.68798242080555   18.69201965340646

 Columns 9 through 12:

   18.69411187084933   18.69519583650927   18.69575735615932   18.69604821594619

 Columns 13 through 16:

   18.69619887196745   18.69627690546341   18.69631732314201   18.69633825749091

 Columns 17 through 20:

   18.69634910041454   18.69635471648763   18.69635762532069   18.69635913194407

 Columns 21 through 24:

   18.69635991229588   18.69636031647724   18.69636052582194   18.69636063425147

 Columns 25 through 28:

   18.69636069041233   18.69636071950066   18.69636073456685   18.69636074237048

 Columns 29 through 32:

   18.69636074641221   18.69636074850567   18.69636074958998   18.69636075015159

 Columns 33 through 36:

   18.69636075044244   18.69636075059312   18.69636075067111   18.69636075071160

 Columns 37 through 40:

   18.69636075073257   18.69636075074332   18.69636075074900   18.69636075075188

 Columns 41 through 43:

   18.69636075075337   18.69636075075419   18.69636075075459

wfreq =  87304576.74637523
GaindB =

 Columns 1 through 4:

   18.27800064968610   18.47581044959325   18.58104936046743   18.63634018765588

 Columns 5 through 8:

   18.66519314784119   18.68019595628864   18.68798242080555   18.69201965340646

 Columns 9 through 12:

   18.69411187084933   18.69519583650927   18.69575735615932   18.69604821594619

 Columns 13 through 16:

   18.69619887196745   18.69627690546341   18.69631732314201   18.69633825749091

 Columns 17 through 20:

   18.69634910041454   18.69635471648763   18.69635762532069   18.69635913194407

 Columns 21 through 24:

   18.69635991229588   18.69636031647724   18.69636052582194   18.69636063425147

 Columns 25 through 28:

   18.69636069041233   18.69636071950066   18.69636073456685   18.69636074237048

 Columns 29 through 32:

   18.69636074641221   18.69636074850567   18.69636074958998   18.69636075015159

 Columns 33 through 36:

   18.69636075044244   18.69636075059312   18.69636075067111   18.69636075071160

 Columns 37 through 40:

   18.69636075073257   18.69636075074332   18.69636075074900   18.69636075075188

 Columns 41 through 44:

   18.69636075075337   18.69636075075419   18.69636075075459   18.69636075075481

wfreq =  121309316.0272423
GaindB =

 Columns 1 through 4:

   18.27800064968610   18.47581044959325   18.58104936046743   18.63634018765588

 Columns 5 through 8:

   18.66519314784119   18.68019595628864   18.68798242080555   18.69201965340646

 Columns 9 through 12:

   18.69411187084933   18.69519583650927   18.69575735615932   18.69604821594619

 Columns 13 through 16:

   18.69619887196745   18.69627690546341   18.69631732314201   18.69633825749091

 Columns 17 through 20:

   18.69634910041454   18.69635471648763   18.69635762532069   18.69635913194407

 Columns 21 through 24:

   18.69635991229588   18.69636031647724   18.69636052582194   18.69636063425147

 Columns 25 through 28:

   18.69636069041233   18.69636071950066   18.69636073456685   18.69636074237048

 Columns 29 through 32:

   18.69636074641221   18.69636074850567   18.69636074958998   18.69636075015159

 Columns 33 through 36:

   18.69636075044244   18.69636075059312   18.69636075067111   18.69636075071160

 Columns 37 through 40:

   18.69636075073257   18.69636075074332   18.69636075074900   18.69636075075188

 Columns 41 through 44:

   18.69636075075337   18.69636075075419   18.69636075075459   18.69636075075481

 Column 45:

   18.69636075075486

wfreq =  168558748.0453400
GaindB =

 Columns 1 through 4:

   18.27800064968610   18.47581044959325   18.58104936046743   18.63634018765588

 Columns 5 through 8:

   18.66519314784119   18.68019595628864   18.68798242080555   18.69201965340646

 Columns 9 through 12:

   18.69411187084933   18.69519583650927   18.69575735615932   18.69604821594619

 Columns 13 through 16:

   18.69619887196745   18.69627690546341   18.69631732314201   18.69633825749091

 Columns 17 through 20:

   18.69634910041454   18.69635471648763   18.69635762532069   18.69635913194407

 Columns 21 through 24:

   18.69635991229588   18.69636031647724   18.69636052582194   18.69636063425147

 Columns 25 through 28:

   18.69636069041233   18.69636071950066   18.69636073456685   18.69636074237048

 Columns 29 through 32:

   18.69636074641221   18.69636074850567   18.69636074958998   18.69636075015159

 Columns 33 through 36:

   18.69636075044244   18.69636075059312   18.69636075067111   18.69636075071160

 Columns 37 through 40:

   18.69636075073257   18.69636075074332   18.69636075074900   18.69636075075188

 Columns 41 through 44:

   18.69636075075337   18.69636075075419   18.69636075075459   18.69636075075481

 Columns 45 and 46:

   18.69636075075486   18.69636075075494

wfreq =  234211620.9461771
GaindB =

 Columns 1 through 4:

   18.27800064968610   18.47581044959325   18.58104936046743   18.63634018765588

 Columns 5 through 8:

   18.66519314784119   18.68019595628864   18.68798242080555   18.69201965340646

 Columns 9 through 12:

   18.69411187084933   18.69519583650927   18.69575735615932   18.69604821594619

 Columns 13 through 16:

   18.69619887196745   18.69627690546341   18.69631732314201   18.69633825749091

 Columns 17 through 20:

   18.69634910041454   18.69635471648763   18.69635762532069   18.69635913194407

 Columns 21 through 24:

   18.69635991229588   18.69636031647724   18.69636052582194   18.69636063425147

 Columns 25 through 28:

   18.69636069041233   18.69636071950066   18.69636073456685   18.69636074237048

 Columns 29 through 32:

   18.69636074641221   18.69636074850567   18.69636074958998   18.69636075015159

 Columns 33 through 36:

   18.69636075044244   18.69636075059312   18.69636075067111   18.69636075071160

 Columns 37 through 40:

   18.69636075073257   18.69636075074332   18.69636075074900   18.69636075075188

 Columns 41 through 44:

   18.69636075075337   18.69636075075419   18.69636075075459   18.69636075075481

 Columns 45 through 47:

   18.69636075075486   18.69636075075494   18.69636075075499

wfreq =  325435992.0345419
GaindB =

 Columns 1 through 4:

   18.27800064968610   18.47581044959325   18.58104936046743   18.63634018765588

 Columns 5 through 8:

   18.66519314784119   18.68019595628864   18.68798242080555   18.69201965340646

 Columns 9 through 12:

   18.69411187084933   18.69519583650927   18.69575735615932   18.69604821594619

 Columns 13 through 16:

   18.69619887196745   18.69627690546341   18.69631732314201   18.69633825749091

 Columns 17 through 20:

   18.69634910041454   18.69635471648763   18.69635762532069   18.69635913194407

 Columns 21 through 24:

   18.69635991229588   18.69636031647724   18.69636052582194   18.69636063425147

 Columns 25 through 28:

   18.69636069041233   18.69636071950066   18.69636073456685   18.69636074237048

 Columns 29 through 32:

   18.69636074641221   18.69636074850567   18.69636074958998   18.69636075015159

 Columns 33 through 36:

   18.69636075044244   18.69636075059312   18.69636075067111   18.69636075071160

 Columns 37 through 40:

   18.69636075073257   18.69636075074332   18.69636075074900   18.69636075075188

 Columns 41 through 44:

   18.69636075075337   18.69636075075419   18.69636075075459   18.69636075075481

 Columns 45 through 48:

   18.69636075075486   18.69636075075494   18.69636075075499   18.69636075075502

wfreq =  452191844.6388487
GaindB =

 Columns 1 through 4:

   18.27800064968610   18.47581044959325   18.58104936046743   18.63634018765588

 Columns 5 through 8:

   18.66519314784119   18.68019595628864   18.68798242080555   18.69201965340646

 Columns 9 through 12:

   18.69411187084933   18.69519583650927   18.69575735615932   18.69604821594619

 Columns 13 through 16:

   18.69619887196745   18.69627690546341   18.69631732314201   18.69633825749091

 Columns 17 through 20:

   18.69634910041454   18.69635471648763   18.69635762532069   18.69635913194407

 Columns 21 through 24:

   18.69635991229588   18.69636031647724   18.69636052582194   18.69636063425147

 Columns 25 through 28:

   18.69636069041233   18.69636071950066   18.69636073456685   18.69636074237048

 Columns 29 through 32:

   18.69636074641221   18.69636074850567   18.69636074958998   18.69636075015159

 Columns 33 through 36:

   18.69636075044244   18.69636075059312   18.69636075067111   18.69636075071160

 Columns 37 through 40:

   18.69636075073257   18.69636075074332   18.69636075074900   18.69636075075188

 Columns 41 through 44:

   18.69636075075337   18.69636075075419   18.69636075075459   18.69636075075481

 Columns 45 through 48:

   18.69636075075486   18.69636075075494   18.69636075075499   18.69636075075502

 Column 49:

   18.69636075075503

wfreq =  628318530.7179586
GaindB =

 Columns 1 through 4:

   18.27800064968610   18.47581044959325   18.58104936046743   18.63634018765588

 Columns 5 through 8:

   18.66519314784119   18.68019595628864   18.68798242080555   18.69201965340646

 Columns 9 through 12:

   18.69411187084933   18.69519583650927   18.69575735615932   18.69604821594619

 Columns 13 through 16:

   18.69619887196745   18.69627690546341   18.69631732314201   18.69633825749091

 Columns 17 through 20:

   18.69634910041454   18.69635471648763   18.69635762532069   18.69635913194407

 Columns 21 through 24:

   18.69635991229588   18.69636031647724   18.69636052582194   18.69636063425147

 Columns 25 through 28:

   18.69636069041233   18.69636071950066   18.69636073456685   18.69636074237048

 Columns 29 through 32:

   18.69636074641221   18.69636074850567   18.69636074958998   18.69636075015159

 Columns 33 through 36:

   18.69636075044244   18.69636075059312   18.69636075067111   18.69636075071160

 Columns 37 through 40:

   18.69636075073257   18.69636075074332   18.69636075074900   18.69636075075188

 Columns 41 through 44:

   18.69636075075337   18.69636075075419   18.69636075075459   18.69636075075481

 Columns 45 through 48:

   18.69636075075486   18.69636075075494   18.69636075075499   18.69636075075502

 Columns 49 and 50:

   18.69636075075503   18.69636075075503

fig1 =  1
