Data_TAB 
$R_{1a}$ = 1.000000e+03 Ohm 
$R_{1b}$ = 1.000000e+04 Ohm 
$R_{1}$ = 9.090909e+02 Ohm
$R_{2}$ = 1.000000e+03 Ohm 
$R_{3a}$ = 1.000000e+05 Ohm 
$R_{3b}$ = 1.000000e+05 Ohm 
$R_{3c}$ = 1.000000e+05 Ohm 
$R_{3}$ = 1.500000e+05 Ohm 
$R_{4a}$ = 1.000000e+03 Ohm 
$R_{4b}$ = 1.000000e+04 Ohm 
$R_{4}$ = 9.090909e+02 Ohm 
$C_{1}$ = 2.200000e-07 F 
$C_{2a}$ = 2.200000e-07 Ohm 
$C_{2b}$ = 2.200000e-07 Ohm 
$C_{2}$ = 1.100000e-07 F 
Data_END 
 
Zin =  909.0909090909091 - 674.1998624632421i
Zout =  645.1612903225806 - 478.4644185223008i
Zinmod =  1131.809054362612
Zoutmod =  803.2193289024989
Freq_TAB 
$w_{L}$ = 5.000000e+03 rad/s 
$w_{H}$ = 9.090909e+03 rad/s 
$w_{O}$ = 6.741999e+03 rad/s 
$f_{O}$ = 1.073022e+03 Hz 
Freq_END 
 
Results1_TAB 
$Z_{in}$ = 9.090909e+02 + j-6.741999e+02 Ohm 
$Z_{out}$ = 6.451613e+02 + j-4.784644e+02Ohm 
$|Z_{in}|$ = 1.131809e+03 Ohm 
$|Z_{out}|$ = 8.032193e+02 Ohm 
Results1_END 
 
Results2_TAB 
$AV_{HP}$ = -1.903317e+00 dB 
$AV_{OPAMP}$ = 4.440216e+01 dB 
$AV_{LP}$ = -1.903317e+00 dB 
$AV$ = 4.059553e+01 dB 
Results2_END 
 
Results3_TAB 
$AV_{HP}$ = -2.130546e+00 dB 
$AV_{OPAMP}$ = 4.440216e+01 dB 
$AV_{LP}$ = -1.695830e+00 dB 
$AV$ = 4.057579e+01 dB 
Results3_END 
 
