Data:  V, A, Ohm, S
R1 =  1001.5
R2 =  2007.8
R3 =  3112.7
R4 =  4106.1
R5 =  3026.7
R6 =  2012.9
R7 =  1029.1
Va =  5.2484
Id =  0.0010409
Kb =  0.0072141
Kc =  0.0080146

--Mesh Analysis--
Mesh_MTAB 
$I_{A}$ = 2.015673e-03 
$I_{B}$ = -2.109620e-03 
$I_{C}$ = -1.157872e-03 
$I_{D}$ = 1.040860e-03 
Mesh_MEND 

It is now possible to determine:
ValM_MMTAB
$V_{b}$ = -2.924287e-01 
$I_{b}$ = -2.109620e-03 
$V_{c}$ = -9.279827e-06 
$I_{c}$ = -1.157872e-03 
$I_{R1}$ = 2.015673e-03 
$I_{R2}$ = -2.109620e-03 
$I_{R3}$ = -9.394704e-05 
$I_{R4}$ = 8.578007e-04 
$I_{R5}$ = -3.150480e-03 
$I_{R6}$ = -1.157872e-03 
$I_{R7}$ = -1.157872e-03 
ValM_MMEND 

--Node Analysis--
Nodal_NTAB 
$V_{1}$ = 1.726209e+00 
$V_{2}$ = -2.924287e-01 
$V_{3}$ = -4.528138e+00 
$V_{4}$ = 9.535580e+00 
$V_{5}$ = 9.279827e-06 
$V_{6}$ = -1.191502e+00 
$V_{7}$ = -3.522212e+00 
Nodal_NEND 
 
It is now possible to determine:
ValN_MNTAB
$V_{b}$ = -2.924287e-01 
$I_{b}$ = -2.109620e-03 
$V_{c}$ = -9.279827e-06 
$I_{c}$ = -1.157872e-03 
$I_{R1}$ = -2.015673e-03 
$I_{R2}$ = -2.109620e-03 
$I_{R3}$ = -9.394704e-05 
$I_{R4}$ = 8.578007e-04 
$I_{R5}$ = 3.150480e-03 
$I_{R6}$ = -1.157872e-03 
$I_{R7}$ = -1.157872e-03 
ValN_MNEND
